mode: set
git.xenonstack.com/stacklabs/stacklabs-auth/src/methods/email.go:9.39,13.2 3 1
git.xenonstack.com/stacklabs/stacklabs-auth/src/methods/password.go:9.38,11.19 1 1
git.xenonstack.com/stacklabs/stacklabs-auth/src/methods/password.go:16.2,16.46 1 1
git.xenonstack.com/stacklabs/stacklabs-auth/src/methods/password.go:21.2,21.62 1 1
git.xenonstack.com/stacklabs/stacklabs-auth/src/methods/password.go:26.2,26.62 1 1
git.xenonstack.com/stacklabs/stacklabs-auth/src/methods/password.go:31.2,31.46 1 1
git.xenonstack.com/stacklabs/stacklabs-auth/src/methods/password.go:35.2,35.13 1 1
git.xenonstack.com/stacklabs/stacklabs-auth/src/methods/password.go:11.19,14.3 2 1
git.xenonstack.com/stacklabs/stacklabs-auth/src/methods/password.go:16.46,19.3 2 1
git.xenonstack.com/stacklabs/stacklabs-auth/src/methods/password.go:21.62,24.3 2 1
git.xenonstack.com/stacklabs/stacklabs-auth/src/methods/password.go:26.62,29.3 2 0
git.xenonstack.com/stacklabs/stacklabs-auth/src/methods/password.go:31.46,34.3 2 1
git.xenonstack.com/stacklabs/stacklabs-auth/src/methods/password.go:39.45,47.2 3 1
git.xenonstack.com/stacklabs/stacklabs-auth/src/methods/password.go:50.63,55.29 2 1
git.xenonstack.com/stacklabs/stacklabs-auth/src/methods/password.go:60.2,62.41 2 1
git.xenonstack.com/stacklabs/stacklabs-auth/src/methods/password.go:55.29,57.3 1 0
git.xenonstack.com/stacklabs/stacklabs-auth/src/methods/random_string.go:12.33,15.25 3 1
git.xenonstack.com/stacklabs/stacklabs-auth/src/methods/random_string.go:18.2,18.22 1 1
git.xenonstack.com/stacklabs/stacklabs-auth/src/methods/random_string.go:15.25,17.3 1 1
git.xenonstack.com/stacklabs/stacklabs-auth/src/methods/random_string.go:22.20,24.17 2 1
git.xenonstack.com/stacklabs/stacklabs-auth/src/methods/random_string.go:29.2,29.14 1 1
git.xenonstack.com/stacklabs/stacklabs-auth/src/methods/random_string.go:24.17,26.3 1 1
git.xenonstack.com/stacklabs/stacklabs-auth/src/methods/random_string.go:26.8,28.3 1 1
git.xenonstack.com/stacklabs/stacklabs-auth/src/methods/random_string.go:36.44,39.25 3 0
git.xenonstack.com/stacklabs/stacklabs-auth/src/methods/random_string.go:42.2,42.22 1 0
git.xenonstack.com/stacklabs/stacklabs-auth/src/methods/random_string.go:39.25,41.3 1 0
git.xenonstack.com/stacklabs/stacklabs-auth/src/methods/random_string.go:48.40,52.16 3 1
git.xenonstack.com/stacklabs/stacklabs-auth/src/methods/random_string.go:55.2,57.25 2 1
git.xenonstack.com/stacklabs/stacklabs-auth/src/methods/random_string.go:52.16,54.3 1 0
git.xenonstack.com/stacklabs/stacklabs-auth/src/methods/sign.go:11.46,15.16 3 1
git.xenonstack.com/stacklabs/stacklabs-auth/src/methods/sign.go:19.2,22.58 3 1
git.xenonstack.com/stacklabs/stacklabs-auth/src/methods/sign.go:15.16,18.3 2 0
