mode: set
git.xenonstack.com/stacklabs/stacklabs-auth/src/forgotpass/forgotpass.go:23.90,47.16 5 1
git.xenonstack.com/stacklabs/stacklabs-auth/src/forgotpass/forgotpass.go:54.2,56.69 2 1
git.xenonstack.com/stacklabs/stacklabs-auth/src/forgotpass/forgotpass.go:67.2,68.39 2 1
git.xenonstack.com/stacklabs/stacklabs-auth/src/forgotpass/forgotpass.go:47.16,51.3 3 1
git.xenonstack.com/stacklabs/stacklabs-auth/src/forgotpass/forgotpass.go:56.69,59.48 2 1
git.xenonstack.com/stacklabs/stacklabs-auth/src/forgotpass/forgotpass.go:65.3,65.42 1 1
git.xenonstack.com/stacklabs/stacklabs-auth/src/forgotpass/forgotpass.go:59.48,64.4 3 1
git.xenonstack.com/stacklabs/stacklabs-auth/src/forgotpass/forgotpass.go:76.107,81.16 3 1
git.xenonstack.com/stacklabs/stacklabs-auth/src/forgotpass/forgotpass.go:89.2,90.38 2 1
git.xenonstack.com/stacklabs/stacklabs-auth/src/forgotpass/forgotpass.go:96.2,109.16 4 1
git.xenonstack.com/stacklabs/stacklabs-auth/src/forgotpass/forgotpass.go:115.2,117.36 2 1
git.xenonstack.com/stacklabs/stacklabs-auth/src/forgotpass/forgotpass.go:136.2,137.47 2 1
git.xenonstack.com/stacklabs/stacklabs-auth/src/forgotpass/forgotpass.go:81.16,86.3 4 1
git.xenonstack.com/stacklabs/stacklabs-auth/src/forgotpass/forgotpass.go:90.38,93.3 2 1
git.xenonstack.com/stacklabs/stacklabs-auth/src/forgotpass/forgotpass.go:109.16,112.3 2 1
git.xenonstack.com/stacklabs/stacklabs-auth/src/forgotpass/forgotpass.go:117.36,123.48 4 1
git.xenonstack.com/stacklabs/stacklabs-auth/src/forgotpass/forgotpass.go:123.48,134.4 5 1
git.xenonstack.com/stacklabs/stacklabs-auth/src/forgotpass/forgotpass.go:143.84,162.19 8 1
git.xenonstack.com/stacklabs/stacklabs-auth/src/forgotpass/forgotpass.go:171.2,172.39 2 1
git.xenonstack.com/stacklabs/stacklabs-auth/src/forgotpass/forgotpass.go:162.19,163.76 1 1
git.xenonstack.com/stacklabs/stacklabs-auth/src/forgotpass/forgotpass.go:163.76,169.4 4 1
git.xenonstack.com/stacklabs/stacklabs-auth/src/forgotpass/forgotpass.go:179.101,186.38 4 1
git.xenonstack.com/stacklabs/stacklabs-auth/src/forgotpass/forgotpass.go:192.2,205.16 4 1
git.xenonstack.com/stacklabs/stacklabs-auth/src/forgotpass/forgotpass.go:210.2,210.36 1 1
git.xenonstack.com/stacklabs/stacklabs-auth/src/forgotpass/forgotpass.go:225.2,226.47 2 1
git.xenonstack.com/stacklabs/stacklabs-auth/src/forgotpass/forgotpass.go:186.38,189.3 2 1
git.xenonstack.com/stacklabs/stacklabs-auth/src/forgotpass/forgotpass.go:205.16,208.3 2 1
git.xenonstack.com/stacklabs/stacklabs-auth/src/forgotpass/forgotpass.go:210.36,214.17 3 1
git.xenonstack.com/stacklabs/stacklabs-auth/src/forgotpass/forgotpass.go:219.3,223.53 3 1
git.xenonstack.com/stacklabs/stacklabs-auth/src/forgotpass/forgotpass.go:214.17,217.4 2 1
git.xenonstack.com/stacklabs/stacklabs-auth/src/forgotpass/forgotpass.go:232.62,246.19 4 1
git.xenonstack.com/stacklabs/stacklabs-auth/src/forgotpass/forgotpass.go:250.2,252.26 2 1
git.xenonstack.com/stacklabs/stacklabs-auth/src/forgotpass/forgotpass.go:246.19,248.3 1 1
