mode: set
git.xenonstack.com/stacklabs/stacklabs-auth/config/config.go:125.29,166.44 28 1
git.xenonstack.com/stacklabs/stacklabs-auth/config/config.go:171.2,176.38 6 1
git.xenonstack.com/stacklabs/stacklabs-auth/config/config.go:179.2,179.34 1 1
git.xenonstack.com/stacklabs/stacklabs-auth/config/config.go:184.2,185.46 2 1
git.xenonstack.com/stacklabs/stacklabs-auth/config/config.go:189.2,195.40 5 1
git.xenonstack.com/stacklabs/stacklabs-auth/config/config.go:166.44,168.3 1 0
git.xenonstack.com/stacklabs/stacklabs-auth/config/config.go:168.8,170.3 1 1
git.xenonstack.com/stacklabs/stacklabs-auth/config/config.go:176.38,178.3 1 1
git.xenonstack.com/stacklabs/stacklabs-auth/config/config.go:179.34,181.3 1 1
git.xenonstack.com/stacklabs/stacklabs-auth/config/config.go:185.46,187.3 1 0
git.xenonstack.com/stacklabs/stacklabs-auth/config/config.go:199.51,205.16 4 1
git.xenonstack.com/stacklabs/stacklabs-auth/config/config.go:210.2,210.29 1 0
git.xenonstack.com/stacklabs/stacklabs-auth/config/config.go:213.2,216.38 3 0
git.xenonstack.com/stacklabs/stacklabs-auth/config/config.go:219.2,219.34 1 0
git.xenonstack.com/stacklabs/stacklabs-auth/config/config.go:224.2,227.45 2 0
git.xenonstack.com/stacklabs/stacklabs-auth/config/config.go:231.2,233.12 3 0
git.xenonstack.com/stacklabs/stacklabs-auth/config/config.go:205.16,208.3 2 1
git.xenonstack.com/stacklabs/stacklabs-auth/config/config.go:210.29,212.3 1 0
git.xenonstack.com/stacklabs/stacklabs-auth/config/config.go:216.38,218.3 1 0
git.xenonstack.com/stacklabs/stacklabs-auth/config/config.go:219.34,221.3 1 0
git.xenonstack.com/stacklabs/stacklabs-auth/config/config.go:227.45,229.3 1 0
git.xenonstack.com/stacklabs/stacklabs-auth/config/config.go:237.18,238.20 1 1
git.xenonstack.com/stacklabs/stacklabs-auth/config/config.go:238.20,240.3 1 1
git.xenonstack.com/stacklabs/stacklabs-auth/config/config.go:240.8,242.3 1 1
git.xenonstack.com/stacklabs/stacklabs-auth/config/config.go:246.24,259.2 3 0
git.xenonstack.com/stacklabs/stacklabs-auth/src/activities/activities.go:14.51,17.16 2 0
git.xenonstack.com/stacklabs/stacklabs-auth/src/activities/activities.go:22.2,25.22 2 0
git.xenonstack.com/stacklabs/stacklabs-auth/src/activities/activities.go:17.16,20.3 2 0
git.xenonstack.com/stacklabs/stacklabs-auth/src/activities/activities.go:29.70,43.2 4 1
git.xenonstack.com/stacklabs/stacklabs-auth/src/health/healthz.go:18.55,25.16 5 1
git.xenonstack.com/stacklabs/stacklabs-auth/src/health/healthz.go:31.2,31.12 1 0
git.xenonstack.com/stacklabs/stacklabs-auth/src/health/healthz.go:25.16,29.3 3 1
git.xenonstack.com/stacklabs/stacklabs-auth/src/health/healthz.go:33.22,37.16 2 1
git.xenonstack.com/stacklabs/stacklabs-auth/src/health/healthz.go:42.2,53.22 7 0
git.xenonstack.com/stacklabs/stacklabs-auth/src/health/healthz.go:59.2,60.16 2 0
git.xenonstack.com/stacklabs/stacklabs-auth/src/health/healthz.go:65.2,72.16 3 0
git.xenonstack.com/stacklabs/stacklabs-auth/src/health/healthz.go:76.2,81.16 3 0
git.xenonstack.com/stacklabs/stacklabs-auth/src/health/healthz.go:85.2,88.42 4 0
git.xenonstack.com/stacklabs/stacklabs-auth/src/health/healthz.go:91.2,91.62 1 0
git.xenonstack.com/stacklabs/stacklabs-auth/src/health/healthz.go:37.16,40.3 2 1
git.xenonstack.com/stacklabs/stacklabs-auth/src/health/healthz.go:53.22,55.3 1 0
git.xenonstack.com/stacklabs/stacklabs-auth/src/health/healthz.go:60.16,63.3 2 0
git.xenonstack.com/stacklabs/stacklabs-auth/src/health/healthz.go:72.16,75.3 2 0
git.xenonstack.com/stacklabs/stacklabs-auth/src/health/healthz.go:81.16,84.3 2 0
git.xenonstack.com/stacklabs/stacklabs-auth/src/health/healthz.go:88.42,90.3 1 0
git.xenonstack.com/stacklabs/stacklabs-auth/src/admin/account.go:15.69,34.16 6 1
git.xenonstack.com/stacklabs/stacklabs-auth/src/admin/account.go:41.2,48.12 6 1
git.xenonstack.com/stacklabs/stacklabs-auth/src/admin/account.go:34.16,38.3 3 1
git.xenonstack.com/stacklabs/stacklabs-auth/src/admin/workspace.go:11.81,33.2 9 1
git.xenonstack.com/stacklabs/stacklabs-auth/src/ldap/search_user.go:13.50,15.16 2 0
git.xenonstack.com/stacklabs/stacklabs-auth/src/ldap/search_user.go:18.2,19.16 2 0
git.xenonstack.com/stacklabs/stacklabs-auth/src/ldap/search_user.go:22.2,26.16 3 0
git.xenonstack.com/stacklabs/stacklabs-auth/src/ldap/search_user.go:31.2,40.16 3 0
git.xenonstack.com/stacklabs/stacklabs-auth/src/ldap/search_user.go:44.2,44.29 1 0
git.xenonstack.com/stacklabs/stacklabs-auth/src/ldap/search_user.go:15.16,17.3 1 0
git.xenonstack.com/stacklabs/stacklabs-auth/src/ldap/search_user.go:19.16,21.3 1 0
git.xenonstack.com/stacklabs/stacklabs-auth/src/ldap/search_user.go:26.16,28.3 1 0
git.xenonstack.com/stacklabs/stacklabs-auth/src/ldap/search_user.go:40.16,42.3 1 0
git.xenonstack.com/stacklabs/stacklabs-auth/src/ldap/update_account.go:13.64,15.16 2 0
git.xenonstack.com/stacklabs/stacklabs-auth/src/ldap/update_account.go:18.2,19.16 2 0
git.xenonstack.com/stacklabs/stacklabs-auth/src/ldap/update_account.go:22.2,26.16 3 0
git.xenonstack.com/stacklabs/stacklabs-auth/src/ldap/update_account.go:30.2,31.20 2 0
git.xenonstack.com/stacklabs/stacklabs-auth/src/ldap/update_account.go:34.2,37.12 3 0
git.xenonstack.com/stacklabs/stacklabs-auth/src/ldap/update_account.go:15.16,17.3 1 0
git.xenonstack.com/stacklabs/stacklabs-auth/src/ldap/update_account.go:19.16,21.3 1 0
git.xenonstack.com/stacklabs/stacklabs-auth/src/ldap/update_account.go:26.16,28.3 1 0
git.xenonstack.com/stacklabs/stacklabs-auth/src/ldap/update_account.go:31.20,33.3 1 0
git.xenonstack.com/stacklabs/stacklabs-auth/src/ldap/auth.go:14.72,17.16 2 1
git.xenonstack.com/stacklabs/stacklabs-auth/src/ldap/auth.go:21.2,22.16 2 0
git.xenonstack.com/stacklabs/stacklabs-auth/src/ldap/auth.go:25.2,29.16 3 0
git.xenonstack.com/stacklabs/stacklabs-auth/src/ldap/auth.go:34.2,43.16 3 0
git.xenonstack.com/stacklabs/stacklabs-auth/src/ldap/auth.go:47.2,47.26 1 0
git.xenonstack.com/stacklabs/stacklabs-auth/src/ldap/auth.go:53.2,54.16 2 0
git.xenonstack.com/stacklabs/stacklabs-auth/src/ldap/auth.go:59.2,59.85 1 0
git.xenonstack.com/stacklabs/stacklabs-auth/src/ldap/auth.go:17.16,19.3 1 1
git.xenonstack.com/stacklabs/stacklabs-auth/src/ldap/auth.go:22.16,24.3 1 0
git.xenonstack.com/stacklabs/stacklabs-auth/src/ldap/auth.go:29.16,31.3 1 0
git.xenonstack.com/stacklabs/stacklabs-auth/src/ldap/auth.go:43.16,45.3 1 0
git.xenonstack.com/stacklabs/stacklabs-auth/src/ldap/auth.go:47.26,50.3 2 0
git.xenonstack.com/stacklabs/stacklabs-auth/src/ldap/auth.go:54.16,57.3 2 0
git.xenonstack.com/stacklabs/stacklabs-auth/src/ldap/create_account.go:15.70,18.16 2 0
git.xenonstack.com/stacklabs/stacklabs-auth/src/ldap/create_account.go:21.2,22.16 2 0
git.xenonstack.com/stacklabs/stacklabs-auth/src/ldap/create_account.go:25.2,29.16 3 0
git.xenonstack.com/stacklabs/stacklabs-auth/src/ldap/create_account.go:32.2,33.20 2 0
git.xenonstack.com/stacklabs/stacklabs-auth/src/ldap/create_account.go:36.2,47.16 12 0
git.xenonstack.com/stacklabs/stacklabs-auth/src/ldap/create_account.go:51.2,51.12 1 0
git.xenonstack.com/stacklabs/stacklabs-auth/src/ldap/create_account.go:18.16,20.3 1 0
git.xenonstack.com/stacklabs/stacklabs-auth/src/ldap/create_account.go:22.16,24.3 1 0
git.xenonstack.com/stacklabs/stacklabs-auth/src/ldap/create_account.go:29.16,31.3 1 0
git.xenonstack.com/stacklabs/stacklabs-auth/src/ldap/create_account.go:33.20,35.3 1 0
git.xenonstack.com/stacklabs/stacklabs-auth/src/ldap/create_account.go:47.16,49.3 1 0
git.xenonstack.com/stacklabs/stacklabs-auth/src/ldap/create_account.go:55.45,57.16 2 0
git.xenonstack.com/stacklabs/stacklabs-auth/src/ldap/create_account.go:60.2,61.16 2 0
git.xenonstack.com/stacklabs/stacklabs-auth/src/ldap/create_account.go:64.2,68.16 3 0
git.xenonstack.com/stacklabs/stacklabs-auth/src/ldap/create_account.go:72.2,76.16 5 0
git.xenonstack.com/stacklabs/stacklabs-auth/src/ldap/create_account.go:80.2,80.12 1 0
git.xenonstack.com/stacklabs/stacklabs-auth/src/ldap/create_account.go:57.16,59.3 1 0
git.xenonstack.com/stacklabs/stacklabs-auth/src/ldap/create_account.go:61.16,63.3 1 0
git.xenonstack.com/stacklabs/stacklabs-auth/src/ldap/create_account.go:68.16,70.3 1 0
git.xenonstack.com/stacklabs/stacklabs-auth/src/ldap/create_account.go:76.16,78.3 1 0
git.xenonstack.com/stacklabs/stacklabs-auth/src/ldap/delete_account.go:14.44,16.16 2 0
git.xenonstack.com/stacklabs/stacklabs-auth/src/ldap/delete_account.go:20.2,21.16 2 0
git.xenonstack.com/stacklabs/stacklabs-auth/src/ldap/delete_account.go:25.2,29.16 3 0
git.xenonstack.com/stacklabs/stacklabs-auth/src/ldap/delete_account.go:34.2,38.12 4 0
git.xenonstack.com/stacklabs/stacklabs-auth/src/ldap/delete_account.go:16.16,19.3 2 0
git.xenonstack.com/stacklabs/stacklabs-auth/src/ldap/delete_account.go:21.16,24.3 2 0
git.xenonstack.com/stacklabs/stacklabs-auth/src/ldap/delete_account.go:29.16,32.3 2 0
git.xenonstack.com/stacklabs/stacklabs-auth/src/ginjwt/jwt_token.go:14.101,28.34 5 1
git.xenonstack.com/stacklabs/stacklabs-auth/src/ginjwt/jwt_token.go:31.2,45.16 6 1
git.xenonstack.com/stacklabs/stacklabs-auth/src/ginjwt/jwt_token.go:50.2,56.24 2 1
git.xenonstack.com/stacklabs/stacklabs-auth/src/ginjwt/jwt_token.go:28.34,30.3 1 1
git.xenonstack.com/stacklabs/stacklabs-auth/src/ginjwt/jwt_token.go:45.16,47.3 1 0
git.xenonstack.com/stacklabs/stacklabs-auth/src/ginjwt/mw_initializer.go:13.44,46.2 4 1
git.xenonstack.com/stacklabs/stacklabs-auth/src/ginjwt/mw_initializer.go:49.61,53.2 1 0
git.xenonstack.com/stacklabs/stacklabs-auth/src/methods/password.go:9.38,11.19 1 1
git.xenonstack.com/stacklabs/stacklabs-auth/src/methods/password.go:16.2,16.46 1 1
git.xenonstack.com/stacklabs/stacklabs-auth/src/methods/password.go:21.2,21.62 1 1
git.xenonstack.com/stacklabs/stacklabs-auth/src/methods/password.go:26.2,26.62 1 1
git.xenonstack.com/stacklabs/stacklabs-auth/src/methods/password.go:31.2,31.46 1 1
git.xenonstack.com/stacklabs/stacklabs-auth/src/methods/password.go:35.2,35.13 1 1
git.xenonstack.com/stacklabs/stacklabs-auth/src/methods/password.go:11.19,14.3 2 1
git.xenonstack.com/stacklabs/stacklabs-auth/src/methods/password.go:16.46,19.3 2 1
git.xenonstack.com/stacklabs/stacklabs-auth/src/methods/password.go:21.62,24.3 2 1
git.xenonstack.com/stacklabs/stacklabs-auth/src/methods/password.go:26.62,29.3 2 0
git.xenonstack.com/stacklabs/stacklabs-auth/src/methods/password.go:31.46,34.3 2 1
git.xenonstack.com/stacklabs/stacklabs-auth/src/methods/password.go:39.45,47.2 3 1
git.xenonstack.com/stacklabs/stacklabs-auth/src/methods/password.go:50.63,55.29 2 1
git.xenonstack.com/stacklabs/stacklabs-auth/src/methods/password.go:60.2,62.41 2 1
git.xenonstack.com/stacklabs/stacklabs-auth/src/methods/password.go:55.29,57.3 1 0
git.xenonstack.com/stacklabs/stacklabs-auth/src/methods/random_string.go:12.33,15.25 3 1
git.xenonstack.com/stacklabs/stacklabs-auth/src/methods/random_string.go:18.2,18.22 1 1
git.xenonstack.com/stacklabs/stacklabs-auth/src/methods/random_string.go:15.25,17.3 1 1
git.xenonstack.com/stacklabs/stacklabs-auth/src/methods/random_string.go:22.20,24.17 2 1
git.xenonstack.com/stacklabs/stacklabs-auth/src/methods/random_string.go:29.2,29.14 1 1
git.xenonstack.com/stacklabs/stacklabs-auth/src/methods/random_string.go:24.17,26.3 1 1
git.xenonstack.com/stacklabs/stacklabs-auth/src/methods/random_string.go:26.8,28.3 1 1
git.xenonstack.com/stacklabs/stacklabs-auth/src/methods/random_string.go:36.44,39.25 3 0
git.xenonstack.com/stacklabs/stacklabs-auth/src/methods/random_string.go:42.2,42.22 1 0
git.xenonstack.com/stacklabs/stacklabs-auth/src/methods/random_string.go:39.25,41.3 1 0
git.xenonstack.com/stacklabs/stacklabs-auth/src/methods/random_string.go:48.40,52.16 3 1
git.xenonstack.com/stacklabs/stacklabs-auth/src/methods/random_string.go:55.2,57.25 2 1
git.xenonstack.com/stacklabs/stacklabs-auth/src/methods/random_string.go:52.16,54.3 1 0
git.xenonstack.com/stacklabs/stacklabs-auth/src/methods/sign.go:11.46,15.16 3 1
git.xenonstack.com/stacklabs/stacklabs-auth/src/methods/sign.go:19.2,22.58 3 1
git.xenonstack.com/stacklabs/stacklabs-auth/src/methods/sign.go:15.16,18.3 2 0
git.xenonstack.com/stacklabs/stacklabs-auth/src/methods/email.go:9.39,13.2 3 1
git.xenonstack.com/stacklabs/stacklabs-auth/src/login/normal.go:19.107,43.27 8 1
git.xenonstack.com/stacklabs/stacklabs-auth/src/login/normal.go:50.2,51.33 2 0
git.xenonstack.com/stacklabs/stacklabs-auth/src/login/normal.go:112.2,113.18 2 0
git.xenonstack.com/stacklabs/stacklabs-auth/src/login/normal.go:43.27,48.3 4 1
git.xenonstack.com/stacklabs/stacklabs-auth/src/login/normal.go:51.33,54.17 1 0
git.xenonstack.com/stacklabs/stacklabs-auth/src/login/normal.go:54.17,59.24 4 0
git.xenonstack.com/stacklabs/stacklabs-auth/src/login/normal.go:67.4,69.22 3 0
git.xenonstack.com/stacklabs/stacklabs-auth/src/login/normal.go:78.4,84.29 7 0
git.xenonstack.com/stacklabs/stacklabs-auth/src/login/normal.go:59.24,65.5 4 0
git.xenonstack.com/stacklabs/stacklabs-auth/src/login/normal.go:69.22,75.5 4 0
git.xenonstack.com/stacklabs/stacklabs-auth/src/login/normal.go:86.9,99.4 9 0
git.xenonstack.com/stacklabs/stacklabs-auth/src/login/normal.go:100.8,101.51 1 0
git.xenonstack.com/stacklabs/stacklabs-auth/src/login/normal.go:107.3,109.19 3 0
git.xenonstack.com/stacklabs/stacklabs-auth/src/login/normal.go:101.51,106.4 4 0
git.xenonstack.com/stacklabs/stacklabs-auth/src/login/normal.go:118.50,134.18 5 1
git.xenonstack.com/stacklabs/stacklabs-auth/src/login/normal.go:137.2,139.31 2 0
git.xenonstack.com/stacklabs/stacklabs-auth/src/login/normal.go:144.2,144.9 1 0
git.xenonstack.com/stacklabs/stacklabs-auth/src/login/normal.go:148.2,150.18 2 0
git.xenonstack.com/stacklabs/stacklabs-auth/src/login/normal.go:134.18,136.3 1 1
git.xenonstack.com/stacklabs/stacklabs-auth/src/login/normal.go:139.31,140.28 1 0
git.xenonstack.com/stacklabs/stacklabs-auth/src/login/normal.go:140.28,142.4 1 0
git.xenonstack.com/stacklabs/stacklabs-auth/src/login/normal.go:144.9,146.3 1 0
git.xenonstack.com/stacklabs/stacklabs-auth/src/login/token.go:18.108,40.16 8 1
git.xenonstack.com/stacklabs/stacklabs-auth/src/login/token.go:47.2,52.16 4 0
git.xenonstack.com/stacklabs/stacklabs-auth/src/login/token.go:59.2,61.42 2 0
git.xenonstack.com/stacklabs/stacklabs-auth/src/login/token.go:70.2,70.30 1 0
git.xenonstack.com/stacklabs/stacklabs-auth/src/login/token.go:79.2,82.22 4 0
git.xenonstack.com/stacklabs/stacklabs-auth/src/login/token.go:90.2,94.20 5 0
git.xenonstack.com/stacklabs/stacklabs-auth/src/login/token.go:102.2,113.18 10 0
git.xenonstack.com/stacklabs/stacklabs-auth/src/login/token.go:40.16,46.3 5 1
git.xenonstack.com/stacklabs/stacklabs-auth/src/login/token.go:52.16,58.3 5 0
git.xenonstack.com/stacklabs/stacklabs-auth/src/login/token.go:61.42,67.3 5 0
git.xenonstack.com/stacklabs/stacklabs-auth/src/login/token.go:70.30,76.3 5 0
git.xenonstack.com/stacklabs/stacklabs-auth/src/login/token.go:82.22,88.3 5 0
git.xenonstack.com/stacklabs/stacklabs-auth/src/login/token.go:94.20,99.3 4 0
git.xenonstack.com/stacklabs/stacklabs-auth/src/forgotpass/forgotpass.go:23.90,47.16 5 1
git.xenonstack.com/stacklabs/stacklabs-auth/src/forgotpass/forgotpass.go:54.2,56.69 2 0
git.xenonstack.com/stacklabs/stacklabs-auth/src/forgotpass/forgotpass.go:67.2,68.39 2 0
git.xenonstack.com/stacklabs/stacklabs-auth/src/forgotpass/forgotpass.go:47.16,51.3 3 1
git.xenonstack.com/stacklabs/stacklabs-auth/src/forgotpass/forgotpass.go:56.69,59.48 2 0
git.xenonstack.com/stacklabs/stacklabs-auth/src/forgotpass/forgotpass.go:65.3,65.42 1 0
git.xenonstack.com/stacklabs/stacklabs-auth/src/forgotpass/forgotpass.go:59.48,64.4 3 0
git.xenonstack.com/stacklabs/stacklabs-auth/src/forgotpass/forgotpass.go:76.107,81.16 3 1
git.xenonstack.com/stacklabs/stacklabs-auth/src/forgotpass/forgotpass.go:89.2,90.38 2 1
git.xenonstack.com/stacklabs/stacklabs-auth/src/forgotpass/forgotpass.go:96.2,109.16 4 1
git.xenonstack.com/stacklabs/stacklabs-auth/src/forgotpass/forgotpass.go:115.2,117.36 2 0
git.xenonstack.com/stacklabs/stacklabs-auth/src/forgotpass/forgotpass.go:136.2,137.47 2 0
git.xenonstack.com/stacklabs/stacklabs-auth/src/forgotpass/forgotpass.go:81.16,86.3 4 1
git.xenonstack.com/stacklabs/stacklabs-auth/src/forgotpass/forgotpass.go:90.38,93.3 2 1
git.xenonstack.com/stacklabs/stacklabs-auth/src/forgotpass/forgotpass.go:109.16,112.3 2 1
git.xenonstack.com/stacklabs/stacklabs-auth/src/forgotpass/forgotpass.go:117.36,123.48 4 0
git.xenonstack.com/stacklabs/stacklabs-auth/src/forgotpass/forgotpass.go:123.48,134.4 5 0
git.xenonstack.com/stacklabs/stacklabs-auth/src/forgotpass/forgotpass.go:143.84,162.19 8 1
git.xenonstack.com/stacklabs/stacklabs-auth/src/forgotpass/forgotpass.go:171.2,172.39 2 1
git.xenonstack.com/stacklabs/stacklabs-auth/src/forgotpass/forgotpass.go:162.19,163.76 1 0
git.xenonstack.com/stacklabs/stacklabs-auth/src/forgotpass/forgotpass.go:163.76,169.4 4 0
git.xenonstack.com/stacklabs/stacklabs-auth/src/forgotpass/forgotpass.go:179.101,186.38 4 1
git.xenonstack.com/stacklabs/stacklabs-auth/src/forgotpass/forgotpass.go:192.2,205.16 4 1
git.xenonstack.com/stacklabs/stacklabs-auth/src/forgotpass/forgotpass.go:210.2,210.36 1 0
git.xenonstack.com/stacklabs/stacklabs-auth/src/forgotpass/forgotpass.go:225.2,226.47 2 0
git.xenonstack.com/stacklabs/stacklabs-auth/src/forgotpass/forgotpass.go:186.38,189.3 2 1
git.xenonstack.com/stacklabs/stacklabs-auth/src/forgotpass/forgotpass.go:205.16,208.3 2 1
git.xenonstack.com/stacklabs/stacklabs-auth/src/forgotpass/forgotpass.go:210.36,214.17 3 0
git.xenonstack.com/stacklabs/stacklabs-auth/src/forgotpass/forgotpass.go:219.3,223.53 3 0
git.xenonstack.com/stacklabs/stacklabs-auth/src/forgotpass/forgotpass.go:214.17,217.4 2 0
git.xenonstack.com/stacklabs/stacklabs-auth/src/forgotpass/forgotpass.go:232.62,246.19 4 1
git.xenonstack.com/stacklabs/stacklabs-auth/src/forgotpass/forgotpass.go:250.2,252.26 2 0
git.xenonstack.com/stacklabs/stacklabs-auth/src/forgotpass/forgotpass.go:246.19,248.3 1 1
git.xenonstack.com/stacklabs/stacklabs-auth/src/signin/simplesignin.go:17.112,39.23 8 1
git.xenonstack.com/stacklabs/stacklabs-auth/src/signin/simplesignin.go:45.2,55.65 3 0
git.xenonstack.com/stacklabs/stacklabs-auth/src/signin/simplesignin.go:75.2,76.102 2 0
git.xenonstack.com/stacklabs/stacklabs-auth/src/signin/simplesignin.go:39.23,42.3 2 1
git.xenonstack.com/stacklabs/stacklabs-auth/src/signin/simplesignin.go:55.65,59.35 2 0
git.xenonstack.com/stacklabs/stacklabs-auth/src/signin/simplesignin.go:60.17,63.38 2 0
git.xenonstack.com/stacklabs/stacklabs-auth/src/signin/simplesignin.go:64.18,67.78 2 0
git.xenonstack.com/stacklabs/stacklabs-auth/src/signin/simplesignin.go:68.14,71.73 2 0
git.xenonstack.com/stacklabs/stacklabs-auth/src/signin/simplesignin.go:82.79,103.39 9 1
git.xenonstack.com/stacklabs/stacklabs-auth/src/signin/simplesignin.go:118.2,118.27 1 1
git.xenonstack.com/stacklabs/stacklabs-auth/src/signin/simplesignin.go:124.2,124.40 1 1
git.xenonstack.com/stacklabs/stacklabs-auth/src/signin/simplesignin.go:103.39,105.107 1 0
git.xenonstack.com/stacklabs/stacklabs-auth/src/signin/simplesignin.go:105.107,106.14 1 0
git.xenonstack.com/stacklabs/stacklabs-auth/src/signin/simplesignin.go:111.4,111.22 1 0
git.xenonstack.com/stacklabs/stacklabs-auth/src/signin/simplesignin.go:106.14,109.5 1 0
git.xenonstack.com/stacklabs/stacklabs-auth/src/signin/simplesignin.go:112.9,113.9 1 0
git.xenonstack.com/stacklabs/stacklabs-auth/src/signin/simplesignin.go:118.27,122.3 3 0
git.xenonstack.com/stacklabs/stacklabs-auth/src/verifyToken/token.go:17.30,19.2 1 0
git.xenonstack.com/stacklabs/stacklabs-auth/src/verifyToken/token.go:23.49,30.34 3 1
git.xenonstack.com/stacklabs/stacklabs-auth/src/verifyToken/token.go:35.2,36.19 2 1
git.xenonstack.com/stacklabs/stacklabs-auth/src/verifyToken/token.go:43.2,43.14 1 1
git.xenonstack.com/stacklabs/stacklabs-auth/src/verifyToken/token.go:30.34,32.3 1 1
git.xenonstack.com/stacklabs/stacklabs-auth/src/verifyToken/token.go:32.8,34.3 1 1
git.xenonstack.com/stacklabs/stacklabs-auth/src/verifyToken/token.go:36.19,39.3 1 0
git.xenonstack.com/stacklabs/stacklabs-auth/src/verifyToken/token.go:39.8,42.3 1 1
git.xenonstack.com/stacklabs/stacklabs-auth/src/verifyToken/token.go:49.43,57.14 4 1
git.xenonstack.com/stacklabs/stacklabs-auth/src/verifyToken/token.go:66.2,66.26 1 1
git.xenonstack.com/stacklabs/stacklabs-auth/src/verifyToken/token.go:70.2,75.20 4 1
git.xenonstack.com/stacklabs/stacklabs-auth/src/verifyToken/token.go:58.28,60.51 1 1
git.xenonstack.com/stacklabs/stacklabs-auth/src/verifyToken/token.go:61.10,63.41 1 1
git.xenonstack.com/stacklabs/stacklabs-auth/src/verifyToken/token.go:66.26,68.3 1 0
git.xenonstack.com/stacklabs/stacklabs-auth/src/verifyToken/token.go:81.56,89.19 4 1
git.xenonstack.com/stacklabs/stacklabs-auth/src/verifyToken/token.go:99.2,99.20 1 0
git.xenonstack.com/stacklabs/stacklabs-auth/src/verifyToken/token.go:89.19,92.3 2 1
git.xenonstack.com/stacklabs/stacklabs-auth/src/verifyToken/token.go:105.32,121.2 5 1
git.xenonstack.com/stacklabs/stacklabs-auth/src/signup/methods.go:17.49,20.14 2 1
git.xenonstack.com/stacklabs/stacklabs-auth/src/signup/methods.go:24.2,26.44 2 0
git.xenonstack.com/stacklabs/stacklabs-auth/src/signup/methods.go:32.2,32.26 1 0
git.xenonstack.com/stacklabs/stacklabs-auth/src/signup/methods.go:20.14,23.3 1 1
git.xenonstack.com/stacklabs/stacklabs-auth/src/signup/methods.go:26.44,28.3 1 0
git.xenonstack.com/stacklabs/stacklabs-auth/src/signup/methods.go:28.8,30.3 1 0
git.xenonstack.com/stacklabs/stacklabs-auth/src/signup/methods.go:32.26,34.3 1 0
git.xenonstack.com/stacklabs/stacklabs-auth/src/signup/methods.go:40.28,43.16 2 1
git.xenonstack.com/stacklabs/stacklabs-auth/src/signup/methods.go:48.2,53.21 5 0
git.xenonstack.com/stacklabs/stacklabs-auth/src/signup/methods.go:60.2,60.11 1 0
git.xenonstack.com/stacklabs/stacklabs-auth/src/signup/methods.go:43.16,46.3 2 1
git.xenonstack.com/stacklabs/stacklabs-auth/src/signup/methods.go:53.21,59.3 3 0
git.xenonstack.com/stacklabs/stacklabs-auth/src/signup/methods.go:66.78,89.23 9 1
git.xenonstack.com/stacklabs/stacklabs-auth/src/signup/methods.go:99.2,100.39 2 1
git.xenonstack.com/stacklabs/stacklabs-auth/src/signup/methods.go:89.23,90.44 1 0
git.xenonstack.com/stacklabs/stacklabs-auth/src/signup/methods.go:96.3,97.51 2 0
git.xenonstack.com/stacklabs/stacklabs-auth/src/signup/methods.go:90.44,95.4 3 0
git.xenonstack.com/stacklabs/stacklabs-auth/src/signup/signup.go:20.103,43.26 8 1
git.xenonstack.com/stacklabs/stacklabs-auth/src/signup/signup.go:68.2,69.16 2 0
git.xenonstack.com/stacklabs/stacklabs-auth/src/signup/signup.go:74.2,74.19 1 0
git.xenonstack.com/stacklabs/stacklabs-auth/src/signup/signup.go:79.2,80.16 2 0
git.xenonstack.com/stacklabs/stacklabs-auth/src/signup/signup.go:85.2,85.42 1 0
git.xenonstack.com/stacklabs/stacklabs-auth/src/signup/signup.go:99.2,100.39 2 0
git.xenonstack.com/stacklabs/stacklabs-auth/src/signup/signup.go:43.26,50.17 4 1
git.xenonstack.com/stacklabs/stacklabs-auth/src/signup/signup.go:55.3,58.38 3 0
git.xenonstack.com/stacklabs/stacklabs-auth/src/signup/signup.go:64.3,65.42 2 0
git.xenonstack.com/stacklabs/stacklabs-auth/src/signup/signup.go:50.17,53.4 2 1
git.xenonstack.com/stacklabs/stacklabs-auth/src/signup/signup.go:58.38,63.4 3 0
git.xenonstack.com/stacklabs/stacklabs-auth/src/signup/signup.go:69.16,72.3 2 0
git.xenonstack.com/stacklabs/stacklabs-auth/src/signup/signup.go:74.19,76.3 1 0
git.xenonstack.com/stacklabs/stacklabs-auth/src/signup/signup.go:80.16,83.3 2 0
git.xenonstack.com/stacklabs/stacklabs-auth/src/signup/signup.go:85.42,98.3 9 0
git.xenonstack.com/stacklabs/stacklabs-auth/src/signup/signup.go:106.57,120.19 4 1
git.xenonstack.com/stacklabs/stacklabs-auth/src/signup/signup.go:125.2,136.24 4 1
git.xenonstack.com/stacklabs/stacklabs-auth/src/signup/signup.go:120.19,122.3 1 0
git.xenonstack.com/stacklabs/stacklabs-auth/src/vm/vm_request.go:12.51,37.33 8 1
git.xenonstack.com/stacklabs/stacklabs-auth/src/vm/vm_request.go:42.2,42.12 1 1
git.xenonstack.com/stacklabs/stacklabs-auth/src/vm/vm_request.go:37.33,40.3 1 1
