mode: set
git.xenonstack.com/stacklabs/stacklabs-auth/src/workspace/workspace.go:15.102,24.44 5 1
git.xenonstack.com/stacklabs/stacklabs-auth/src/workspace/workspace.go:30.2,46.16 7 1
git.xenonstack.com/stacklabs/stacklabs-auth/src/workspace/workspace.go:50.2,51.26 2 1
git.xenonstack.com/stacklabs/stacklabs-auth/src/workspace/workspace.go:24.44,27.3 2 0
git.xenonstack.com/stacklabs/stacklabs-auth/src/workspace/workspace.go:46.16,49.3 2 0
git.xenonstack.com/stacklabs/stacklabs-auth/src/workspace/workspace.go:54.44,55.33 1 1
git.xenonstack.com/stacklabs/stacklabs-auth/src/workspace/workspace.go:60.2,60.13 1 1
git.xenonstack.com/stacklabs/stacklabs-auth/src/workspace/workspace.go:55.33,56.143 1 1
git.xenonstack.com/stacklabs/stacklabs-auth/src/workspace/workspace.go:56.143,58.4 1 0
git.xenonstack.com/stacklabs/stacklabs-auth/src/workspace/workspace.go:66.85,91.18 9 1
git.xenonstack.com/stacklabs/stacklabs-auth/src/workspace/workspace.go:97.2,100.18 4 1
git.xenonstack.com/stacklabs/stacklabs-auth/src/workspace/workspace.go:91.18,96.3 4 1
git.xenonstack.com/stacklabs/stacklabs-auth/src/workspace/create.go:24.128,33.49 6 1
git.xenonstack.com/stacklabs/stacklabs-auth/src/workspace/create.go:40.2,40.41 1 1
git.xenonstack.com/stacklabs/stacklabs-auth/src/workspace/create.go:48.2,55.16 6 1
git.xenonstack.com/stacklabs/stacklabs-auth/src/workspace/create.go:63.2,64.16 2 1
git.xenonstack.com/stacklabs/stacklabs-auth/src/workspace/create.go:72.2,72.41 1 1
git.xenonstack.com/stacklabs/stacklabs-auth/src/workspace/create.go:128.2,128.25 1 1
git.xenonstack.com/stacklabs/stacklabs-auth/src/workspace/create.go:133.2,165.18 14 1
git.xenonstack.com/stacklabs/stacklabs-auth/src/workspace/create.go:33.49,39.3 4 1
git.xenonstack.com/stacklabs/stacklabs-auth/src/workspace/create.go:40.41,45.3 4 0
git.xenonstack.com/stacklabs/stacklabs-auth/src/workspace/create.go:55.16,61.3 4 1
git.xenonstack.com/stacklabs/stacklabs-auth/src/workspace/create.go:64.16,69.3 4 1
git.xenonstack.com/stacklabs/stacklabs-auth/src/workspace/create.go:72.41,76.72 2 0
git.xenonstack.com/stacklabs/stacklabs-auth/src/workspace/create.go:90.3,91.71 2 0
git.xenonstack.com/stacklabs/stacklabs-auth/src/workspace/create.go:98.3,99.73 2 0
git.xenonstack.com/stacklabs/stacklabs-auth/src/workspace/create.go:107.3,108.73 2 0
git.xenonstack.com/stacklabs/stacklabs-auth/src/workspace/create.go:76.72,82.4 4 0
git.xenonstack.com/stacklabs/stacklabs-auth/src/workspace/create.go:82.9,87.4 4 0
git.xenonstack.com/stacklabs/stacklabs-auth/src/workspace/create.go:91.71,97.4 5 0
git.xenonstack.com/stacklabs/stacklabs-auth/src/workspace/create.go:99.73,105.4 5 0
git.xenonstack.com/stacklabs/stacklabs-auth/src/workspace/create.go:108.73,114.4 5 0
git.xenonstack.com/stacklabs/stacklabs-auth/src/workspace/create.go:128.25,130.3 1 1
git.xenonstack.com/stacklabs/stacklabs-auth/src/workspace/create.go:168.66,183.34 5 1
git.xenonstack.com/stacklabs/stacklabs-auth/src/workspace/create.go:183.34,185.3 1 1
git.xenonstack.com/stacklabs/stacklabs-auth/src/workspace/delete.go:17.77,32.41 9 1
git.xenonstack.com/stacklabs/stacklabs-auth/src/workspace/delete.go:39.2,51.12 7 1
git.xenonstack.com/stacklabs/stacklabs-auth/src/workspace/delete.go:32.41,34.17 2 0
git.xenonstack.com/stacklabs/stacklabs-auth/src/workspace/delete.go:34.17,37.4 2 0
git.xenonstack.com/stacklabs/stacklabs-auth/src/workspace/delete.go:56.57,62.16 3 1
git.xenonstack.com/stacklabs/stacklabs-auth/src/workspace/delete.go:68.2,71.16 3 1
git.xenonstack.com/stacklabs/stacklabs-auth/src/workspace/delete.go:75.2,75.28 1 0
git.xenonstack.com/stacklabs/stacklabs-auth/src/workspace/delete.go:79.2,79.12 1 0
git.xenonstack.com/stacklabs/stacklabs-auth/src/workspace/delete.go:62.16,65.3 2 0
git.xenonstack.com/stacklabs/stacklabs-auth/src/workspace/delete.go:71.16,74.3 2 1
git.xenonstack.com/stacklabs/stacklabs-auth/src/workspace/delete.go:75.28,78.3 2 0
git.xenonstack.com/stacklabs/stacklabs-auth/src/workspace/delete.go:83.44,86.16 2 0
git.xenonstack.com/stacklabs/stacklabs-auth/src/workspace/delete.go:90.2,91.70 2 0
git.xenonstack.com/stacklabs/stacklabs-auth/src/workspace/delete.go:94.2,94.12 1 0
git.xenonstack.com/stacklabs/stacklabs-auth/src/workspace/delete.go:86.16,88.3 1 0
git.xenonstack.com/stacklabs/stacklabs-auth/src/workspace/delete.go:91.70,93.3 1 0
git.xenonstack.com/stacklabs/stacklabs-auth/src/workspace/forgot.go:18.62,38.16 7 1
git.xenonstack.com/stacklabs/stacklabs-auth/src/workspace/forgot.go:43.2,45.40 2 1
git.xenonstack.com/stacklabs/stacklabs-auth/src/workspace/forgot.go:51.2,54.22 4 1
git.xenonstack.com/stacklabs/stacklabs-auth/src/workspace/forgot.go:58.2,60.12 3 1
git.xenonstack.com/stacklabs/stacklabs-auth/src/workspace/forgot.go:38.16,42.3 3 1
git.xenonstack.com/stacklabs/stacklabs-auth/src/workspace/forgot.go:45.40,48.3 2 0
git.xenonstack.com/stacklabs/stacklabs-auth/src/workspace/forgot.go:54.22,56.3 1 0
git.xenonstack.com/stacklabs/stacklabs-auth/src/workspace/forgot.go:70.96,85.16 9 1
git.xenonstack.com/stacklabs/stacklabs-auth/src/workspace/forgot.go:92.2,94.42 2 1
git.xenonstack.com/stacklabs/stacklabs-auth/src/workspace/forgot.go:101.2,105.18 5 1
git.xenonstack.com/stacklabs/stacklabs-auth/src/workspace/forgot.go:85.16,91.3 5 1
git.xenonstack.com/stacklabs/stacklabs-auth/src/workspace/forgot.go:94.42,99.3 4 0
git.xenonstack.com/stacklabs/stacklabs-auth/src/workspace/forgot.go:109.81,138.36 13 1
git.xenonstack.com/stacklabs/stacklabs-auth/src/workspace/forgot.go:145.2,146.19 2 1
git.xenonstack.com/stacklabs/stacklabs-auth/src/workspace/forgot.go:138.36,141.19 3 1
git.xenonstack.com/stacklabs/stacklabs-auth/src/workspace/forgot.go:141.19,143.4 1 1
git.xenonstack.com/stacklabs/stacklabs-auth/src/workspace/status.go:18.86,41.33 9 1
git.xenonstack.com/stacklabs/stacklabs-auth/src/workspace/status.go:68.2,89.19 9 0
git.xenonstack.com/stacklabs/stacklabs-auth/src/workspace/status.go:96.2,98.16 3 0
git.xenonstack.com/stacklabs/stacklabs-auth/src/workspace/status.go:104.2,111.20 6 0
git.xenonstack.com/stacklabs/stacklabs-auth/src/workspace/status.go:119.2,130.18 10 0
git.xenonstack.com/stacklabs/stacklabs-auth/src/workspace/status.go:41.33,44.17 3 1
git.xenonstack.com/stacklabs/stacklabs-auth/src/workspace/status.go:50.3,51.17 2 1
git.xenonstack.com/stacklabs/stacklabs-auth/src/workspace/status.go:58.3,60.29 2 0
git.xenonstack.com/stacklabs/stacklabs-auth/src/workspace/status.go:44.17,49.4 4 0
git.xenonstack.com/stacklabs/stacklabs-auth/src/workspace/status.go:51.17,56.4 4 1
git.xenonstack.com/stacklabs/stacklabs-auth/src/workspace/status.go:60.29,64.4 3 0
git.xenonstack.com/stacklabs/stacklabs-auth/src/workspace/status.go:89.19,94.3 4 0
git.xenonstack.com/stacklabs/stacklabs-auth/src/workspace/status.go:98.16,103.3 4 0
git.xenonstack.com/stacklabs/stacklabs-auth/src/workspace/status.go:111.20,116.3 4 0
