mode: set
git.xenonstack.com/stacklabs/stacklabs-auth/src/login/normal.go:19.107,43.27 8 1
git.xenonstack.com/stacklabs/stacklabs-auth/src/login/normal.go:50.2,51.33 2 1
git.xenonstack.com/stacklabs/stacklabs-auth/src/login/normal.go:112.2,113.18 2 0
git.xenonstack.com/stacklabs/stacklabs-auth/src/login/normal.go:43.27,48.3 4 1
git.xenonstack.com/stacklabs/stacklabs-auth/src/login/normal.go:51.33,54.17 1 0
git.xenonstack.com/stacklabs/stacklabs-auth/src/login/normal.go:54.17,59.24 4 0
git.xenonstack.com/stacklabs/stacklabs-auth/src/login/normal.go:67.4,69.22 3 0
git.xenonstack.com/stacklabs/stacklabs-auth/src/login/normal.go:78.4,84.29 7 0
git.xenonstack.com/stacklabs/stacklabs-auth/src/login/normal.go:59.24,65.5 4 0
git.xenonstack.com/stacklabs/stacklabs-auth/src/login/normal.go:69.22,75.5 4 0
git.xenonstack.com/stacklabs/stacklabs-auth/src/login/normal.go:86.9,99.4 9 0
git.xenonstack.com/stacklabs/stacklabs-auth/src/login/normal.go:100.8,101.51 1 1
git.xenonstack.com/stacklabs/stacklabs-auth/src/login/normal.go:107.3,109.19 3 1
git.xenonstack.com/stacklabs/stacklabs-auth/src/login/normal.go:101.51,106.4 4 0
git.xenonstack.com/stacklabs/stacklabs-auth/src/login/normal.go:118.50,134.18 5 1
git.xenonstack.com/stacklabs/stacklabs-auth/src/login/normal.go:137.2,139.31 2 1
git.xenonstack.com/stacklabs/stacklabs-auth/src/login/normal.go:144.2,144.9 1 1
git.xenonstack.com/stacklabs/stacklabs-auth/src/login/normal.go:148.2,150.18 2 1
git.xenonstack.com/stacklabs/stacklabs-auth/src/login/normal.go:134.18,136.3 1 1
git.xenonstack.com/stacklabs/stacklabs-auth/src/login/normal.go:139.31,140.28 1 1
git.xenonstack.com/stacklabs/stacklabs-auth/src/login/normal.go:140.28,142.4 1 1
git.xenonstack.com/stacklabs/stacklabs-auth/src/login/normal.go:144.9,146.3 1 1
git.xenonstack.com/stacklabs/stacklabs-auth/src/login/token.go:18.108,40.16 8 1
git.xenonstack.com/stacklabs/stacklabs-auth/src/login/token.go:47.2,52.16 4 1
git.xenonstack.com/stacklabs/stacklabs-auth/src/login/token.go:59.2,61.42 2 1
git.xenonstack.com/stacklabs/stacklabs-auth/src/login/token.go:70.2,70.30 1 1
git.xenonstack.com/stacklabs/stacklabs-auth/src/login/token.go:79.2,82.22 4 1
git.xenonstack.com/stacklabs/stacklabs-auth/src/login/token.go:90.2,94.20 5 1
git.xenonstack.com/stacklabs/stacklabs-auth/src/login/token.go:102.2,113.18 10 1
git.xenonstack.com/stacklabs/stacklabs-auth/src/login/token.go:40.16,46.3 5 1
git.xenonstack.com/stacklabs/stacklabs-auth/src/login/token.go:52.16,58.3 5 1
git.xenonstack.com/stacklabs/stacklabs-auth/src/login/token.go:61.42,67.3 5 1
git.xenonstack.com/stacklabs/stacklabs-auth/src/login/token.go:70.30,76.3 5 1
git.xenonstack.com/stacklabs/stacklabs-auth/src/login/token.go:82.22,88.3 5 1
git.xenonstack.com/stacklabs/stacklabs-auth/src/login/token.go:94.20,99.3 4 1
