mode: set
git.xenonstack.com/stacklabs/stacklabs-auth/src/accounts/verify_mail.go:15.92,35.19 8 1
git.xenonstack.com/stacklabs/stacklabs-auth/src/accounts/verify_mail.go:40.2,46.19 4 1
git.xenonstack.com/stacklabs/stacklabs-auth/src/accounts/verify_mail.go:57.2,61.35 3 1
git.xenonstack.com/stacklabs/stacklabs-auth/src/accounts/verify_mail.go:65.2,71.21 5 1
git.xenonstack.com/stacklabs/stacklabs-auth/src/accounts/verify_mail.go:35.19,38.3 2 1
git.xenonstack.com/stacklabs/stacklabs-auth/src/accounts/verify_mail.go:46.19,49.3 2 1
git.xenonstack.com/stacklabs/stacklabs-auth/src/accounts/verify_mail.go:61.35,63.3 1 0
git.xenonstack.com/stacklabs/stacklabs-auth/src/accounts/vpn.go:18.58,26.2 4 1
git.xenonstack.com/stacklabs/stacklabs-auth/src/accounts/vpn.go:28.34,35.25 4 1
git.xenonstack.com/stacklabs/stacklabs-auth/src/accounts/vpn.go:38.2,46.16 6 0
git.xenonstack.com/stacklabs/stacklabs-auth/src/accounts/vpn.go:50.2,50.15 1 0
git.xenonstack.com/stacklabs/stacklabs-auth/src/accounts/vpn.go:54.2,57.16 3 0
git.xenonstack.com/stacklabs/stacklabs-auth/src/accounts/vpn.go:61.2,63.82 2 0
git.xenonstack.com/stacklabs/stacklabs-auth/src/accounts/vpn.go:68.2,68.16 1 0
git.xenonstack.com/stacklabs/stacklabs-auth/src/accounts/vpn.go:72.2,81.16 6 0
git.xenonstack.com/stacklabs/stacklabs-auth/src/accounts/vpn.go:87.2,97.21 8 0
git.xenonstack.com/stacklabs/stacklabs-auth/src/accounts/vpn.go:35.25,37.3 1 1
git.xenonstack.com/stacklabs/stacklabs-auth/src/accounts/vpn.go:46.16,49.3 2 0
git.xenonstack.com/stacklabs/stacklabs-auth/src/accounts/vpn.go:50.15,52.3 1 0
git.xenonstack.com/stacklabs/stacklabs-auth/src/accounts/vpn.go:57.16,59.3 1 0
git.xenonstack.com/stacklabs/stacklabs-auth/src/accounts/vpn.go:63.82,66.3 2 0
git.xenonstack.com/stacklabs/stacklabs-auth/src/accounts/vpn.go:68.16,71.3 2 0
git.xenonstack.com/stacklabs/stacklabs-auth/src/accounts/vpn.go:81.16,84.3 2 0
git.xenonstack.com/stacklabs/stacklabs-auth/src/accounts/account.go:15.59,25.19 4 1
git.xenonstack.com/stacklabs/stacklabs-auth/src/accounts/account.go:29.2,29.28 1 1
git.xenonstack.com/stacklabs/stacklabs-auth/src/accounts/account.go:25.19,27.3 1 1
git.xenonstack.com/stacklabs/stacklabs-auth/src/accounts/account.go:35.66,45.19 4 1
git.xenonstack.com/stacklabs/stacklabs-auth/src/accounts/account.go:49.2,49.60 1 1
git.xenonstack.com/stacklabs/stacklabs-auth/src/accounts/account.go:45.19,47.3 1 1
git.xenonstack.com/stacklabs/stacklabs-auth/src/accounts/account.go:55.52,66.2 4 1
git.xenonstack.com/stacklabs/stacklabs-auth/src/accounts/account.go:71.40,77.16 3 1
git.xenonstack.com/stacklabs/stacklabs-auth/src/accounts/account.go:81.2,81.47 1 1
git.xenonstack.com/stacklabs/stacklabs-auth/src/accounts/account.go:104.2,104.12 1 1
git.xenonstack.com/stacklabs/stacklabs-auth/src/accounts/account.go:77.16,80.3 1 1
git.xenonstack.com/stacklabs/stacklabs-auth/src/accounts/account.go:81.47,85.38 3 1
git.xenonstack.com/stacklabs/stacklabs-auth/src/accounts/account.go:91.3,98.33 8 1
git.xenonstack.com/stacklabs/stacklabs-auth/src/accounts/account.go:85.38,88.4 1 0
git.xenonstack.com/stacklabs/stacklabs-auth/src/accounts/account.go:100.8,102.3 1 1
git.xenonstack.com/stacklabs/stacklabs-auth/src/accounts/change.go:17.108,24.38 4 1
git.xenonstack.com/stacklabs/stacklabs-auth/src/accounts/change.go:37.2,43.62 4 1
git.xenonstack.com/stacklabs/stacklabs-auth/src/accounts/change.go:47.2,47.29 1 1
git.xenonstack.com/stacklabs/stacklabs-auth/src/accounts/change.go:52.2,59.57 6 1
git.xenonstack.com/stacklabs/stacklabs-auth/src/accounts/change.go:70.2,71.49 2 0
git.xenonstack.com/stacklabs/stacklabs-auth/src/accounts/change.go:24.38,26.3 1 1
git.xenonstack.com/stacklabs/stacklabs-auth/src/accounts/change.go:43.62,45.3 1 1
git.xenonstack.com/stacklabs/stacklabs-auth/src/accounts/change.go:47.29,49.3 1 0
git.xenonstack.com/stacklabs/stacklabs-auth/src/accounts/change.go:59.57,62.17 2 1
git.xenonstack.com/stacklabs/stacklabs-auth/src/accounts/change.go:67.3,68.53 2 0
git.xenonstack.com/stacklabs/stacklabs-auth/src/accounts/change.go:62.17,66.4 3 1
git.xenonstack.com/stacklabs/stacklabs-auth/src/accounts/change.go:76.84,94.16 7 1
git.xenonstack.com/stacklabs/stacklabs-auth/src/accounts/change.go:98.2,98.19 1 1
git.xenonstack.com/stacklabs/stacklabs-auth/src/accounts/change.go:101.2,102.14 2 1
git.xenonstack.com/stacklabs/stacklabs-auth/src/accounts/change.go:105.2,106.16 2 1
git.xenonstack.com/stacklabs/stacklabs-auth/src/accounts/change.go:110.2,110.12 1 0
git.xenonstack.com/stacklabs/stacklabs-auth/src/accounts/change.go:94.16,96.3 1 1
git.xenonstack.com/stacklabs/stacklabs-auth/src/accounts/change.go:98.19,100.3 1 1
git.xenonstack.com/stacklabs/stacklabs-auth/src/accounts/change.go:102.14,104.3 1 1
git.xenonstack.com/stacklabs/stacklabs-auth/src/accounts/change.go:106.16,109.3 2 1
