mode: set
git.xenonstack.com/stacklabs/stacklabs-auth/src/verifyToken/token.go:17.30,19.2 1 1
git.xenonstack.com/stacklabs/stacklabs-auth/src/verifyToken/token.go:23.49,30.34 3 1
git.xenonstack.com/stacklabs/stacklabs-auth/src/verifyToken/token.go:35.2,36.19 2 1
git.xenonstack.com/stacklabs/stacklabs-auth/src/verifyToken/token.go:43.2,43.14 1 1
git.xenonstack.com/stacklabs/stacklabs-auth/src/verifyToken/token.go:30.34,32.3 1 1
git.xenonstack.com/stacklabs/stacklabs-auth/src/verifyToken/token.go:32.8,34.3 1 1
git.xenonstack.com/stacklabs/stacklabs-auth/src/verifyToken/token.go:36.19,39.3 1 1
git.xenonstack.com/stacklabs/stacklabs-auth/src/verifyToken/token.go:39.8,42.3 1 1
git.xenonstack.com/stacklabs/stacklabs-auth/src/verifyToken/token.go:49.43,57.14 4 1
git.xenonstack.com/stacklabs/stacklabs-auth/src/verifyToken/token.go:66.2,66.26 1 1
git.xenonstack.com/stacklabs/stacklabs-auth/src/verifyToken/token.go:70.2,75.20 4 1
git.xenonstack.com/stacklabs/stacklabs-auth/src/verifyToken/token.go:58.28,60.51 1 1
git.xenonstack.com/stacklabs/stacklabs-auth/src/verifyToken/token.go:61.10,63.41 1 1
git.xenonstack.com/stacklabs/stacklabs-auth/src/verifyToken/token.go:66.26,68.3 1 0
git.xenonstack.com/stacklabs/stacklabs-auth/src/verifyToken/token.go:81.56,89.19 4 1
git.xenonstack.com/stacklabs/stacklabs-auth/src/verifyToken/token.go:99.2,99.20 1 1
git.xenonstack.com/stacklabs/stacklabs-auth/src/verifyToken/token.go:89.19,92.3 2 1
git.xenonstack.com/stacklabs/stacklabs-auth/src/verifyToken/token.go:105.32,121.2 5 1
