mode: set
git.xenonstack.com/stacklabs/stacklabs-auth/src/ginjwt/jwt_token.go:14.101,28.34 5 1
git.xenonstack.com/stacklabs/stacklabs-auth/src/ginjwt/jwt_token.go:31.2,45.16 6 1
git.xenonstack.com/stacklabs/stacklabs-auth/src/ginjwt/jwt_token.go:50.2,56.24 2 1
git.xenonstack.com/stacklabs/stacklabs-auth/src/ginjwt/jwt_token.go:28.34,30.3 1 1
git.xenonstack.com/stacklabs/stacklabs-auth/src/ginjwt/jwt_token.go:45.16,47.3 1 0
git.xenonstack.com/stacklabs/stacklabs-auth/src/ginjwt/mw_initializer.go:13.44,46.2 4 1
git.xenonstack.com/stacklabs/stacklabs-auth/src/ginjwt/mw_initializer.go:49.61,53.2 1 0
