mode: set
git.xenonstack.com/stacklabs/stacklabs-auth/src/activities/activities.go:14.51,17.16 2 0
git.xenonstack.com/stacklabs/stacklabs-auth/src/activities/activities.go:22.2,25.22 2 0
git.xenonstack.com/stacklabs/stacklabs-auth/src/activities/activities.go:17.16,20.3 2 0
git.xenonstack.com/stacklabs/stacklabs-auth/src/activities/activities.go:29.70,43.2 4 1
git.xenonstack.com/stacklabs/stacklabs-auth/src/ginjwt/jwt_token.go:14.101,28.34 5 1
git.xenonstack.com/stacklabs/stacklabs-auth/src/ginjwt/jwt_token.go:31.2,45.16 6 1
git.xenonstack.com/stacklabs/stacklabs-auth/src/ginjwt/jwt_token.go:50.2,56.24 2 1
git.xenonstack.com/stacklabs/stacklabs-auth/src/ginjwt/jwt_token.go:28.34,30.3 1 1
git.xenonstack.com/stacklabs/stacklabs-auth/src/ginjwt/jwt_token.go:45.16,47.3 1 0
git.xenonstack.com/stacklabs/stacklabs-auth/src/ginjwt/mw_initializer.go:13.44,46.2 4 1
git.xenonstack.com/stacklabs/stacklabs-auth/src/ginjwt/mw_initializer.go:49.61,53.2 1 0
git.xenonstack.com/stacklabs/stacklabs-auth/src/health/healthz.go:18.55,25.16 5 1
git.xenonstack.com/stacklabs/stacklabs-auth/src/health/healthz.go:31.2,31.12 1 0
git.xenonstack.com/stacklabs/stacklabs-auth/src/health/healthz.go:25.16,29.3 3 1
git.xenonstack.com/stacklabs/stacklabs-auth/src/health/healthz.go:33.22,37.16 2 1
git.xenonstack.com/stacklabs/stacklabs-auth/src/health/healthz.go:42.2,53.22 7 0
git.xenonstack.com/stacklabs/stacklabs-auth/src/health/healthz.go:59.2,60.16 2 0
git.xenonstack.com/stacklabs/stacklabs-auth/src/health/healthz.go:65.2,72.16 3 0
git.xenonstack.com/stacklabs/stacklabs-auth/src/health/healthz.go:76.2,81.16 3 0
git.xenonstack.com/stacklabs/stacklabs-auth/src/health/healthz.go:85.2,88.42 4 0
git.xenonstack.com/stacklabs/stacklabs-auth/src/health/healthz.go:91.2,91.62 1 0
git.xenonstack.com/stacklabs/stacklabs-auth/src/health/healthz.go:37.16,40.3 2 1
git.xenonstack.com/stacklabs/stacklabs-auth/src/health/healthz.go:53.22,55.3 1 0
git.xenonstack.com/stacklabs/stacklabs-auth/src/health/healthz.go:60.16,63.3 2 0
git.xenonstack.com/stacklabs/stacklabs-auth/src/health/healthz.go:72.16,75.3 2 0
git.xenonstack.com/stacklabs/stacklabs-auth/src/health/healthz.go:81.16,84.3 2 0
git.xenonstack.com/stacklabs/stacklabs-auth/src/health/healthz.go:88.42,90.3 1 0
